{"/home/stoganych/frontend-project-lvl2/src/index.js": {"path":"/home/stoganych/frontend-project-lvl2/src/index.js","all":false,"statementMap":{"0":{"start":{"line":1,"column":0},"end":{"line":1,"column":34}},"1":{"start":{"line":2,"column":0},"end":{"line":2,"column":23}},"2":{"start":{"line":3,"column":0},"end":{"line":3,"column":0}},"3":{"start":{"line":4,"column":0},"end":{"line":4,"column":45}},"4":{"start":{"line":5,"column":0},"end":{"line":5,"column":62}},"5":{"start":{"line":6,"column":0},"end":{"line":6,"column":0}},"6":{"start":{"line":7,"column":0},"end":{"line":7,"column":68}},"7":{"start":{"line":8,"column":0},"end":{"line":8,"column":0}},"8":{"start":{"line":9,"column":0},"end":{"line":9,"column":60}},"9":{"start":{"line":10,"column":0},"end":{"line":10,"column":74}},"10":{"start":{"line":11,"column":0},"end":{"line":11,"column":74}},"11":{"start":{"line":12,"column":0},"end":{"line":12,"column":123}},"12":{"start":{"line":13,"column":0},"end":{"line":13,"column":48}},"13":{"start":{"line":14,"column":0},"end":{"line":14,"column":2}},"14":{"start":{"line":15,"column":0},"end":{"line":15,"column":0}},"15":{"start":{"line":16,"column":0},"end":{"line":16,"column":47}},"16":{"start":{"line":17,"column":0},"end":{"line":17,"column":40}},"17":{"start":{"line":18,"column":0},"end":{"line":18,"column":40}},"18":{"start":{"line":19,"column":0},"end":{"line":19,"column":60}},"19":{"start":{"line":20,"column":0},"end":{"line":20,"column":11}},"20":{"start":{"line":21,"column":0},"end":{"line":21,"column":94}},"21":{"start":{"line":22,"column":0},"end":{"line":22,"column":36}},"22":{"start":{"line":23,"column":0},"end":{"line":23,"column":2}}},"s":{"0":1,"1":1,"2":2,"3":1,"4":1,"5":1,"6":1,"7":5,"8":5,"9":5,"10":5,"11":1,"12":1,"13":1,"14":1,"15":1,"16":1,"17":1,"18":5,"19":5,"20":1,"21":1,"22":1},"branchMap":{"0":{"type":"branch","line":1,"loc":{"start":{"line":1,"column":0},"end":{"line":1,"column":29}},"locations":[{"start":{"line":1,"column":0},"end":{"line":1,"column":29}}]},"1":{"type":"branch","line":2,"loc":{"start":{"line":2,"column":14},"end":{"line":4,"column":17}},"locations":[{"start":{"line":2,"column":14},"end":{"line":4,"column":17}}]},"2":{"type":"branch","line":5,"loc":{"start":{"line":5,"column":6},"end":{"line":5,"column":54}},"locations":[{"start":{"line":5,"column":6},"end":{"line":5,"column":54}}]},"3":{"type":"branch","line":7,"loc":{"start":{"line":7,"column":6},"end":{"line":12,"column":106}},"locations":[{"start":{"line":7,"column":6},"end":{"line":12,"column":106}}]},"4":{"type":"branch","line":9,"loc":{"start":{"line":9,"column":7},"end":{"line":9,"column":59}},"locations":[{"start":{"line":9,"column":7},"end":{"line":9,"column":59}}]},"5":{"type":"branch","line":9,"loc":{"start":{"line":9,"column":51},"end":{"line":10,"column":8}},"locations":[{"start":{"line":9,"column":51},"end":{"line":10,"column":8}}]},"6":{"type":"branch","line":10,"loc":{"start":{"line":10,"column":7},"end":{"line":11,"column":36}},"locations":[{"start":{"line":10,"column":7},"end":{"line":11,"column":36}}]},"7":{"type":"branch","line":11,"loc":{"start":{"line":11,"column":28},"end":{"line":12,"column":106}},"locations":[{"start":{"line":11,"column":28},"end":{"line":12,"column":106}}]},"8":{"type":"branch","line":12,"loc":{"start":{"line":12,"column":37},"end":{"line":21,"column":53}},"locations":[{"start":{"line":12,"column":37},"end":{"line":21,"column":53}}]},"9":{"type":"branch","line":18,"loc":{"start":{"line":18,"column":33},"end":{"line":21,"column":12}},"locations":[{"start":{"line":18,"column":33},"end":{"line":21,"column":12}}]}},"b":{"0":[2],"1":[2],"2":[6],"3":[5],"4":[1],"5":[4],"6":[2],"7":[1],"8":[1],"9":[5]},"fnMap":{"0":{"name":"getFile","decl":{"start":{"line":1,"column":0},"end":{"line":1,"column":29}},"loc":{"start":{"line":1,"column":0},"end":{"line":1,"column":29}},"line":1},"1":{"name":"parseJSONFromFile","decl":{"start":{"line":2,"column":14},"end":{"line":4,"column":17}},"loc":{"start":{"line":2,"column":14},"end":{"line":4,"column":17}},"line":2},"2":{"name":"stringifyKeyValue","decl":{"start":{"line":5,"column":6},"end":{"line":5,"column":54}},"loc":{"start":{"line":5,"column":6},"end":{"line":5,"column":54}},"line":5},"3":{"name":"generateDiffLine","decl":{"start":{"line":7,"column":6},"end":{"line":12,"column":106}},"loc":{"start":{"line":7,"column":6},"end":{"line":12,"column":106}},"line":7},"4":{"name":"compareFiles","decl":{"start":{"line":12,"column":37},"end":{"line":21,"column":53}},"loc":{"start":{"line":12,"column":37},"end":{"line":21,"column":53}},"line":12}},"f":{"0":2,"1":2,"2":6,"3":5,"4":1}}
}
