TN:
SF:src/index.js
FN:1,getFile
FN:2,parseJSONFromFile
FN:5,stringifyKeyValue
FN:7,generateDiffLine
FN:12,compareFiles
FNF:5
FNH:5
FNDA:2,getFile
FNDA:2,parseJSONFromFile
FNDA:6,stringifyKeyValue
FNDA:5,generateDiffLine
FNDA:1,compareFiles
DA:1,1
DA:2,1
DA:3,2
DA:4,1
DA:5,1
DA:6,1
DA:7,1
DA:8,5
DA:9,5
DA:10,5
DA:11,5
DA:12,1
DA:13,1
DA:14,1
DA:15,1
DA:16,1
DA:17,1
DA:18,1
DA:19,5
DA:20,5
DA:21,1
DA:22,1
DA:23,1
LF:23
LH:23
BRDA:1,0,0,2
BRDA:2,1,0,2
BRDA:5,2,0,6
BRDA:7,3,0,5
BRDA:9,4,0,1
BRDA:9,5,0,4
BRDA:10,6,0,2
BRDA:11,7,0,1
BRDA:12,8,0,1
BRDA:18,9,0,5
BRF:10
BRH:10
end_of_record
